<?xml version="1.0" encoding="UTF-8"?>
<!-- Generated by org.testng.reporters.JUnitReportReporter -->
<testsuite hostname="DESKTOP-Q798BAO" failures="0" tests="4" name="Testng.HelperAttribute" time="0.005" errors="0" timestamp="2025-05-21T15:54:02 IST" skipped="1">
  <testcase classname="Testng.HelperAttribute" name="cMethod" time="0.001"/>
  <testcase classname="Testng.HelperAttribute" name="dMethod" time="0.003"/>
  <testcase classname="Testng.HelperAttribute" name="aMethod" time="0.001"/>
  <testcase classname="Testng.HelperAttribute" name="bMethod">
    <skipped/>
  </testcase> <!-- bMethod -->
</testsuite> <!-- Testng.HelperAttribute -->
