<?xml version="1.0" encoding="UTF-8"?>
<!-- Generated by org.testng.reporters.JUnitReportReporter -->
<testsuite hostname="DESKTOP-Q798BAO" failures="0" tests="9" name="Testng.ThreeMethodOneClass" time="0.011" errors="0" timestamp="2025-05-21T15:54:02 IST" skipped="0">
  <testcase classname="Testng.ThreeMethodOneClass" name="loginApp" time="0.001"/>
  <testcase classname="Testng.ThreeMethodOneClass" name="loginWebsite" time="0.001"/>
  <testcase classname="Testng.ThreeMethodOneClass" name="data1" time="0.003"/>
  <testcase classname="Testng.ThreeMethodOneClass" name="loginApi" time="0.002"/>
  <testcase classname="Testng.ThreeMethodOneClass" name="groupData3" time="0.001"/>
  <testcase classname="Testng.ThreeMethodOneClass" name="groupData1" time="0.001"/>
  <testcase classname="Testng.ThreeMethodOneClass" name="data2" time="0.000"/>
  <testcase classname="Testng.ThreeMethodOneClass" name="autoLogin" time="0.001"/>
  <testcase classname="Testng.ThreeMethodOneClass" name="groupData2" time="0.001"/>
</testsuite> <!-- Testng.ThreeMethodOneClass -->
