<?xml version="1.0" encoding="UTF-8"?>
<!-- Generated by org.testng.reporters.JUnitReportReporter -->
<testsuite hostname="DESKTOP-Q798BAO" failures="0" tests="1" name="Testng.ParentClass1" time="8.152" errors="0" timestamp="2025-04-05T00:03:30 IST" skipped="0">
  <testcase classname="Testng.ParentClass1" name="mainMethod" time="8.152"/>
</testsuite> <!-- Testng.ParentClass1 -->
