<?xml version="1.0" encoding="UTF-8"?>
<!-- Generated by org.testng.reporters.JUnitReportReporter -->
<testsuite hostname="DESKTOP-Q798BAO" failures="0" tests="1" name="Testng.ChildClass1" time="8.861" errors="0" timestamp="2025-05-21T15:54:02 IST" skipped="0">
  <testcase classname="Testng.ChildClass1" name="childClass1" time="8.861"/>
</testsuite> <!-- Testng.ChildClass1 -->
