<?xml version="1.0" encoding="UTF-8"?>
<!-- Generated by org.testng.reporters.JUnitReportReporter -->
<testsuite hostname="DESKTOP-Q798BAO" failures="0" tests="1" name="Testng.WithoutmainMethod" time="0.009" errors="0" timestamp="2025-03-29T14:21:45 IST" skipped="0">
  <testcase classname="Testng.WithoutmainMethod" name="demo1" time="0.009"/>
</testsuite> <!-- Testng.WithoutmainMethod -->
