<?xml version="1.0" encoding="UTF-8"?>
<!-- Generated by org.testng.reporters.JUnitReportReporter -->
<testsuite hostname="DESKTOP-Q798BAO" failures="0" tests="1" name="Testng.Openurl" time="2.987" errors="0" timestamp="2025-05-21T15:54:02 IST" skipped="0">
  <testcase classname="Testng.Openurl" name="openUrl" time="2.987"/>
</testsuite> <!-- Testng.Openurl -->
