<?xml version="1.0" encoding="UTF-8"?>
<!-- Generated by org.testng.reporters.JUnitReportReporter -->
<testsuite hostname="DESKTOP-Q798BAO" failures="0" tests="2" name="Testng.OneMoreClass" time="0.002" errors="0" timestamp="2025-05-21T15:54:02 IST" skipped="0">
  <testcase classname="Testng.OneMoreClass" name="Demo2" time="0.001"/>
  <testcase classname="Testng.OneMoreClass" name="groupData4" time="0.001"/>
</testsuite> <!-- Testng.OneMoreClass -->
