<?xml version="1.0" encoding="UTF-8"?>
<!-- Generated by org.testng.reporters.JUnitReportReporter -->
<testsuite hostname="DESKTOP-Q798BAO" failures="0" tests="2" name="Testng.CheckAnnotation" time="0.021" errors="0" timestamp="2025-05-21T15:54:02 IST" skipped="0">
  <testcase classname="Testng.CheckAnnotation" name="checkAnnotation" time="0.018"/>
  <testcase classname="Testng.CheckAnnotation" name="checkAnnotation2" time="0.003"/>
</testsuite> <!-- Testng.CheckAnnotation -->
