<?xml version="1.0" encoding="UTF-8"?>
<!-- Generated by org.testng.reporters.JUnitReportReporter -->
<testsuite hostname="DESKTOP-Q798BAO" failures="0" tests="1" name="org.testing.testScripts.TC4_PutRequest" time="0.046" errors="0" timestamp="2023-08-29T20:21:48 IST" skipped="0">
  <testcase classname="org.testing.testScripts.TC4_PutRequest" name="test_case4" time="0.046"/>
</testsuite> <!-- org.testing.testScripts.TC4_PutRequest -->
